TN:
SF:/Users/xingyuefeng/code/github/treng/lib/config.js
FN:7,(anonymous_0)
FNF:1
FNH:1
FNDA:2,(anonymous_0)
DA:1,1
DA:3,1
DA:8,2
DA:12,1
LF:4
LH:4
BRDA:8,0,0,1
BRDA:8,0,1,1
BRF:2
BRH:2
end_of_record
TN:
SF:/Users/xingyuefeng/code/github/treng/lib/parser.js
FN:4,(anonymous_0)
FN:9,(anonymous_1)
FN:16,(anonymous_2)
FN:22,(anonymous_3)
FN:30,(anonymous_4)
FNF:5
FNH:4
FNDA:1,(anonymous_0)
FNDA:0,(anonymous_1)
FNDA:2,(anonymous_2)
FNDA:3,(anonymous_3)
FNDA:9,(anonymous_4)
DA:1,1
DA:3,1
DA:4,1
DA:5,1
DA:6,1
DA:7,1
DA:8,1
DA:9,0
DA:10,0
DA:11,0
DA:13,0
DA:16,1
DA:17,2
DA:18,1
DA:20,2
DA:22,1
DA:23,3
DA:24,1
DA:27,3
DA:30,1
DA:31,9
DA:32,1
DA:34,9
DA:35,6
DA:40,1
DA:41,0
DA:44,1
DA:45,1
DA:47,1
LF:29
LH:24
BRDA:8,0,0,0
BRDA:8,0,1,1
BRDA:10,1,0,0
BRDA:10,1,1,0
BRDA:17,2,0,1
BRDA:17,2,1,1
BRDA:23,3,0,1
BRDA:23,3,1,2
BRDA:31,4,0,1
BRDA:31,4,1,8
BRDA:34,5,0,6
BRDA:34,5,1,3
BRDA:40,6,0,0
BRDA:40,6,1,1
BRDA:41,7,0,0
BRDA:41,7,1,0
BRF:16
BRH:10
end_of_record
